<?xml version="1.0" encoding="UTF-8"?>
<!-- Generated by org.testng.reporters.JUnitXMLReporter -->
<testsuite ignored="0" hostname="DESKTOP-67L8E2C" failures="3" tests="5" name="ECommerce Test" time="103.618" errors="0" timestamp="2024-09-09T23:07:48 IST">
  <testcase classname="com.OpenCart.testCases.TC_LoginTestCase_001" name="loginTest" time="24.516"/>
  <testcase classname="com.OpenCart.testCases.TC_LoginTestCase_001" name="loginTest" time="16.031">
    <failure type="java.lang.AssertionError" message="expected [true] but found [false]">
      <![CDATA[java.lang.AssertionError: expected [true] but found [false]
at com.OpenCart.testCases.TC_LoginTestCase_001.loginTest(TC_LoginTestCase_001.java:41)
at java.base/java.util.ArrayList.forEach(ArrayList.java:1597)
... Removed 33 stack frames]]>
    </failure>
  </testcase> <!-- loginTest -->
  <testcase classname="com.OpenCart.testCases.TC_LoginTestCase_001" name="loginTest" time="16.26">
    <failure type="java.lang.AssertionError" message="expected [true] but found [false]">
      <![CDATA[java.lang.AssertionError: expected [true] but found [false]
at com.OpenCart.testCases.TC_LoginTestCase_001.loginTest(TC_LoginTestCase_001.java:41)
at java.base/java.util.ArrayList.forEach(ArrayList.java:1597)
... Removed 33 stack frames]]>
    </failure>
  </testcase> <!-- loginTest -->
  <testcase classname="com.OpenCart.testCases.TC_LoginTestCase_001" name="loginTest" time="16.205">
    <failure type="java.lang.AssertionError" message="expected [true] but found [false]">
      <![CDATA[java.lang.AssertionError: expected [true] but found [false]
at com.OpenCart.testCases.TC_LoginTestCase_001.loginTest(TC_LoginTestCase_001.java:41)
at java.base/java.util.ArrayList.forEach(ArrayList.java:1597)
... Removed 33 stack frames]]>
    </failure>
  </testcase> <!-- loginTest -->
  <testcase classname="com.OpenCart.testCases.TC_LoginTestCase_001" name="loginTest" time="23.129"/>
</testsuite> <!-- ECommerce Test -->
